epoch#1
outer neurons:
2,47660 2,98440 -2,08920 1,82760 -3,00490 -2,48350 1,17980 -1,87940 1,79950 -1,46350 

neurons of hidden layers:
-6,38700 2,53240 3,55940 4,28970 -5,20270 1,55550 2,97700 2,92880 1,97110 3,71420 3,28680 0,08230 -3,19850 2,57590 3,47710 -4,06860 -3,88150 1,89810 -4,40180 -3,67900 1,27460 -1,50500 1,07830 1,12110 1,58270 -1,33000 2,77360 2,89110 1,80030 -1,30950 2,81490 3,23850 1,94010 -1,57310 -1,80600 -1,82720 -1,20680 -0,51459 -1,47280 -2,04190 

epoch#2
outer neurons:
2,66800 3,17690 -2,50620 1,99360 -3,28300 -2,76330 1,75890 -2,12170 2,32510 -1,84880 

neurons of hidden layers:
-6,38720 2,53470 3,56060 4,29040 -5,20390 1,57010 3,07310 3,03560 1,97590 3,71640 3,29000 0,13119 -3,35220 2,59410 3,48930 -4,08250 -3,90780 2,33160 -4,43070 -3,71520 1,30310 -1,43890 1,08920 1,13160 1,67050 -1,30590 2,82340 2,94190 1,88960 -1,28720 2,86540 3,29000 1,95460 -1,63630 -1,81450 -1,83130 -1,13900 -0,06765 -1,44800 -2,02310 

epoch#3
outer neurons:
2,77640 3,28570 -2,66130 2,09140 -3,41440 -2,89510 1,95210 -2,24040 2,43370 -1,93330 

neurons of hidden layers:
-6,38730 2,53610 3,56130 4,29080 -5,20460 1,57820 3,11170 3,07820 1,97870 3,71760 3,29170 0,15329 -3,41260 2,60370 3,49570 -4,08980 -3,91730 2,45520 -4,44070 -3,72750 1,31710 -1,42740 1,09500 1,13710 1,71000 -1,31490 2,84460 2,96340 1,92990 -1,29700 2,88700 3,31200 1,94920 -1,64270 -1,80480 -1,82110 -1,10580 0,04276 -1,43500 -2,01200 

epoch#4
outer neurons:
2,84910 3,35870 -2,76360 2,15770 -3,49760 -2,97870 2,07400 -2,31650 2,49810 -1,98470 

neurons of hidden layers:
-6,38740 2,53700 3,56170 4,29110 -5,20500 1,58370 3,13470 3,10340 1,98060 3,71850 3,29290 0,16718 -3,44840 2,61020 3,50000 -4,09460 -3,92430 2,52910 -4,44770 -3,73590 1,32570 -1,42220 1,09840 1,14050 1,73420 -1,32360 2,85730 2,97620 1,95470 -1,30630 2,90000 3,32520 1,94840 -1,64560 -1,79970 -1,81610 -1,08660 0,10501 -1,42820 -2,00630 

epoch#5
outer neurons:
2,90370 3,41360 -2,84070 2,20790 -3,55850 -3,03980 2,16340 -2,37250 2,54380 -2,02220 

neurons of hidden layers:
-6,38740 2,53770 3,56200 4,29130 -5,20540 1,58790 3,15090 3,12130 1,98200 3,71910 3,29380 0,17733 -3,47360 2,61510 3,50320 -4,09840 -3,93010 2,58140 -4,45320 -3,74240 1,33190 -1,41930 1,10090 1,14290 1,75150 -1,33140 2,86630 2,98530 1,97240 -1,31460 2,90930 3,33450 1,94910 -1,64730 -1,79650 -1,81320 -1,07360 0,14731 -1,42370 -2,00280 

epoch#6
outer neurons:
2,94760 3,45760 -2,90280 2,24830 -3,60660 -3,08800 2,23410 -2,41680 2,57930 -2,05180 

neurons of hidden layers:
-6,38750 2,53820 3,56230 4,29140 -5,20560 1,59130 3,16340 3,13500 1,98320 3,71960 3,29460 0,18533 -3,49290 2,61910 3,50580 -4,10140 -3,93490 2,62170 -4,45760 -3,74770 1,33660 -1,41760 1,10280 1,14480 1,76480 -1,33840 2,87320 2,99230 1,98610 -1,32190 2,91640 3,34180 1,95020 -1,64840 -1,79420 -1,81120 -1,06390 0,17884 -1,42060 -2,00040 

epoch#7
outer neurons:
2,98420 3,49430 -2,95490 2,28210 -3,64620 -3,12790 2,29260 -2,45350 2,60830 -2,07640 

neurons of hidden layers:
-6,38750 2,53870 3,56250 4,29160 -5,20590 1,59420 3,17350 3,14600 1,98420 3,72000 3,29520 0,19194 -3,50860 2,62240 3,50800 -4,10390 -3,93910 2,65430 -4,46150 -3,75220 1,34050 -1,41650 1,10440 1,14630 1,77570 -1,34460 2,87890 2,99800 1,99730 -1,32850 2,92220 3,34760 1,95150 -1,64910 -1,79250 -1,80980 -1,05630 0,20370 -1,41820 -1,99860 

epoch#8
outer neurons:
3,01560 3,52580 -2,99970 2,31120 -3,68000 -3,16170 2,34250 -2,48480 2,63280 -2,09750 

neurons of hidden layers:
-6,38750 2,53910 3,56270 4,29170 -5,20610 1,59670 3,18200 3,15530 1,98500 3,72040 3,29570 0,19756 -3,52170 2,62530 3,50990 -4,10610 -3,94290 2,68170 -4,46480 -3,75610 1,34370 -1,41580 1,10570 1,14760 1,78480 -1,35030 2,88360 3,00280 2,00660 -1,33450 2,92710 3,35250 1,95280 -1,64960 -1,79110 -1,80880 -1,05010 0,22407 -1,41640 -1,99720 

epoch#9
outer neurons:
3,04310 3,55350 -3,03920 2,33680 -3,70940 -3,19120 2,38600 -2,51210 2,65400 -2,11590 

neurons of hidden layers:
-6,38750 2,53940 3,56290 4,29180 -5,20630 1,59900 3,18940 3,16330 1,98580 3,72070 3,29620 0,20246 -3,53300 2,62790 3,51160 -4,10800 -3,94630 2,70520 -4,46780 -3,75960 1,34650 -1,41540 1,10680 1,14860 1,79270 -1,35550 2,88760 3,00690 2,01470 -1,33990 2,93130 3,35680 1,95420 -1,65000 -1,79010 -1,80800 -1,04490 0,24122 -1,41480 -1,99610 

epoch#10
outer neurons:
3,06760 3,57800 -3,07440 2,35950 -3,73540 -3,21730 2,42460 -2,53630 2,67260 -2,13220 

neurons of hidden layers:
-6,38760 2,53970 3,56310 4,29190 -5,20640 1,60090 3,19580 3,17030 1,98650 3,72100 3,29660 0,20680 -3,54290 2,63020 3,51310 -4,10970 -3,94930 2,72580 -4,47040 -3,76270 1,34890 -1,41510 1,10780 1,14960 1,79960 -1,36030 2,89120 3,01040 2,02180 -1,34500 2,93500 3,36050 1,95550 -1,65020 -1,78920 -1,80750 -1,04050 0,25597 -1,41360 -1,99520 

epoch#11
outer neurons:
3,08970 3,60020 -3,10620 2,38000 -3,75870 -3,24070 2,45930 -2,55800 2,68930 -2,14700 

neurons of hidden layers:
-6,38760 2,54000 3,56320 4,29200 -5,20660 1,60270 3,20150 3,17660 1,98710 3,72130 3,29700 0,21069 -3,55170 2,63220 3,51450 -4,11130 -3,95210 2,74410 -4,47290 -3,76550 1,35110 -1,41500 1,10870 1,15050 1,80570 -1,36470 2,89440 3,01360 2,02810 -1,34970 2,93820 3,36380 1,95670 -1,65040 -1,78840 -1,80700 -1,03660 0,26885 -1,41250 -1,99450 

epoch#12
outer neurons:
3,10970 3,62030 -3,13530 2,39870 -3,77980 -3,26200 2,49080 -2,57770 2,70440 -2,16040 

neurons of hidden layers:
-6,38760 2,54030 3,56330 4,29200 -5,20670 1,60440 3,20660 3,18220 1,98760 3,72150 3,29730 0,21422 -3,55960 2,63410 3,51570 -4,11270 -3,95480 2,76050 -4,47510 -3,76810 1,35300 -1,41500 1,10950 1,15120 1,81120 -1,36890 2,89720 3,01650 2,03380 -1,35400 2,94120 3,36680 1,95790 -1,65060 -1,78780 -1,80660 -1,03320 0,28026 -1,41160 -1,99390 

epoch#13
outer neurons:
3,12810 3,63880 -3,16200 2,41590 -3,79920 -3,28140 2,51960 -2,59580 2,71820 -2,17270 

neurons of hidden layers:
-6,38760 2,54050 3,56340 4,29210 -5,20680 1,60590 3,21120 3,18720 1,98810 3,72180 3,29760 0,21745 -3,56680 2,63580 3,51680 -4,11410 -3,95720 2,77540 -4,47720 -3,77050 1,35480 -1,41500 1,11020 1,15190 1,81620 -1,37280 2,89980 3,01910 2,03890 -1,35810 2,94380 3,36950 1,95910 -1,65070 -1,78720 -1,80630 -1,03010 0,29046 -1,41070 -1,99340 

epoch#14
outer neurons:
3,14510 3,65580 -3,18670 2,43170 -3,81700 -3,29920 2,54620 -2,61240 2,73080 -2,18400 

neurons of hidden layers:
-6,38770 2,54070 3,56360 4,29220 -5,20700 1,60730 3,21550 3,19190 1,98860 3,72200 3,29790 0,22042 -3,57340 2,63750 3,51790 -4,11530 -3,95950 2,78910 -4,47910 -3,77270 1,35640 -1,41510 1,11090 1,15260 1,82080 -1,37640 2,90220 3,02150 2,04360 -1,36200 2,94630 3,37190 1,96020 -1,65080 -1,78680 -1,80610 -1,02740 0,29968 -1,41000 -1,99290 

epoch#15
outer neurons:
3,16090 3,67160 -3,20970 2,44650 -3,83350 -3,31580 2,57090 -2,62790 2,74250 -2,19460 

neurons of hidden layers:
-6,38770 2,54090 3,56370 4,29220 -5,20710 1,60860 3,21940 3,19620 1,98910 3,72220 3,29820 0,22318 -3,57940 2,63900 3,51890 -4,11650 -3,96160 2,80170 -4,48090 -3,77480 1,35790 -1,41520 1,11150 1,15320 1,82500 -1,37990 2,90430 3,02370 2,04800 -1,36560 2,94850 3,37420 1,96130 -1,65080 -1,78630 -1,80590 -1,02490 0,30807 -1,40940 -1,99250 

epoch#16
outer neurons:
3,17560 3,68640 -3,23120 2,46030 -3,84890 -3,33120 2,59390 -2,64230 2,75340 -2,20450 

neurons of hidden layers:
-6,38770 2,54110 3,56370 4,29230 -5,20720 1,60990 3,22310 3,20010 1,98950 3,72230 3,29850 0,22575 -3,58510 2,64040 3,51980 -4,11750 -3,96360 2,81330 -4,48260 -3,77670 1,35930 -1,41540 1,11210 1,15370 1,82890 -1,38320 2,90640 3,02570 2,05200 -1,36910 2,95060 3,37630 1,96230 -1,65080 -1,78600 -1,80580 -1,02270 0,31576 -1,40880 -1,99220 

epoch#17
outer neurons:
3,18940 3,70030 -3,25140 2,47320 -3,86320 -3,34570 2,61550 -2,65570 2,76360 -2,21370 

neurons of hidden layers:
-6,38770 2,54130 3,56380 4,29230 -5,20730 1,61100 3,22650 3,20380 1,98990 3,72250 3,29870 0,22816 -3,59030 2,64170 3,52070 -4,11860 -3,96550 2,82410 -4,48410 -3,77860 1,36050 -1,41550 1,11260 1,15420 1,83260 -1,38630 2,90820 3,02760 2,05570 -1,37240 2,95260 3,37830 1,96330 -1,65080 -1,78560 -1,80570 -1,02060 0,32284 -1,40830 -1,99190 

epoch#18
outer neurons:
3,20240 3,71330 -3,27050 2,48530 -3,87680 -3,35930 2,63580 -2,66840 2,77310 -2,22240 

neurons of hidden layers:
-6,38770 2,54150 3,56390 4,29240 -5,20740 1,61210 3,22960 3,20730 1,99020 3,72270 3,29890 0,23042 -3,59520 2,64290 3,52150 -4,11950 -3,96740 2,83430 -4,48560 -3,78030 1,36170 -1,41570 1,11310 1,15470 1,83600 -1,38930 2,91000 3,02940 2,05920 -1,37550 2,95440 3,38010 1,96430 -1,65090 -1,78530 -1,80560 -1,01870 0,32939 -1,40790 -1,99160 

epoch#19
outer neurons:
3,21470 3,72570 -3,28850 2,49680 -3,88950 -3,37210 2,65500 -2,68040 2,78210 -2,23070 

neurons of hidden layers:
-6,38770 2,54160 3,56400 4,29240 -5,20740 1,61320 3,23260 3,21050 1,99060 3,72280 3,29920 0,23255 -3,59980 2,64410 3,52230 -4,12040 -3,96910 2,84380 -4,48710 -3,78190 1,36290 -1,41590 1,11360 1,15510 1,83910 -1,39220 2,91170 3,03110 2,06250 -1,37850 2,95610 3,38190 1,96520 -1,65080 -1,78510 -1,80550 -1,01690 0,33549 -1,40740 -1,99140 

epoch#20
outer neurons:
3,22630 3,73730 -3,30560 2,50770 -3,90160 -3,38420 2,67310 -2,69170 2,79060 -2,23850 

neurons of hidden layers:
-6,38770 2,54180 3,56410 4,29250 -5,20750 1,61420 3,23540 3,21360 1,99090 3,72300 3,29940 0,23458 -3,60410 2,64530 3,52300 -4,12130 -3,97080 2,85270 -4,48840 -3,78350 1,36390 -1,41620 1,11400 1,15560 1,84220 -1,39490 2,91320 3,03270 2,06560 -1,38140 2,95770 3,38350 1,96610 -1,65080 -1,78480 -1,80550 -1,01530 0,34119 -1,40710 -1,99120 

epoch#21
outer neurons:
3,23740 3,74840 -3,32190 2,51810 -3,91310 -3,39570 2,69030 -2,70250 2,79870 -2,24590 

neurons of hidden layers:
-6,38770 2,54190 3,56410 4,29250 -5,20760 1,61510 3,23810 3,21650 1,99120 3,72310 3,29960 0,23649 -3,60820 2,64630 3,52370 -4,12210 -3,97230 2,86120 -4,48970 -3,78500 1,36490 -1,41640 1,11440 1,15600 1,84500 -1,39750 2,91470 3,03420 2,06860 -1,38410 2,95930 3,38510 1,96700 -1,65080 -1,78460 -1,80540 -1,01370 0,34652 -1,40670 -1,99100 

epoch#22
outer neurons:
3,24790 3,75900 -3,33740 2,52800 -3,92400 -3,40660 2,70680 -2,71270 2,80640 -2,25300 

neurons of hidden layers:
-6,38780 2,54210 3,56420 4,29260 -5,20770 1,61600 3,24060 3,21920 1,99150 3,72320 3,29980 0,23832 -3,61210 2,64740 3,52440 -4,12290 -3,97390 2,86920 -4,49100 -3,78640 1,36590 -1,41660 1,11480 1,15630 1,84770 -1,40010 2,91610 3,03560 2,07130 -1,38680 2,96070 3,38650 1,96780 -1,65080 -1,78440 -1,80540 -1,01230 0,35154 -1,40640 -1,99090 

epoch#23
outer neurons:
3,25800 3,76910 -3,35230 2,53740 -3,93440 -3,41710 2,72240 -2,72250 2,81370 -2,25970 

neurons of hidden layers:
-6,38780 2,54220 3,56430 4,29260 -5,20770 1,61690 3,24300 3,22180 1,99180 3,72340 3,29990 0,24006 -3,61580 2,64830 3,52500 -4,12370 -3,97530 2,87680 -4,49210 -3,78770 1,36680 -1,41690 1,11520 1,15670 1,85030 -1,40250 2,91740 3,03690 2,07400 -1,38930 2,96210 3,38790 1,96860 -1,65070 -1,78420 -1,80540 -1,01090 0,35627 -1,40610 -1,99070 

epoch#24
outer neurons:
3,26760 3,77870 -3,36650 2,54640 -3,94430 -3,42700 2,73740 -2,73180 2,82070 -2,26620 

neurons of hidden layers:
-6,38780 2,54230 3,56430 4,29260 -5,20780 1,61770 3,24530 3,22430 1,99210 3,72350 3,30010 0,24172 -3,61930 2,64930 3,52560 -4,12440 -3,97670 2,88410 -4,49330 -3,78910 1,36760 -1,41710 1,11560 1,15710 1,85270 -1,40480 2,91870 3,03820 2,07650 -1,39180 2,96340 3,38920 1,96940 -1,65070 -1,78410 -1,80540 -1,00960 0,36075 -1,40580 -1,99060 

epoch#25
outer neurons:
3,27680 3,78800 -3,38010 2,55510 -3,95380 -3,43660 2,75180 -2,74070 2,82740 -2,27240 

neurons of hidden layers:
-6,38780 2,54250 3,56440 4,29270 -5,20790 1,61850 3,24750 3,22670 1,99240 3,72360 3,30030 0,24332 -3,62270 2,65020 3,52620 -4,12510 -3,97810 2,89100 -4,49440 -3,79030 1,36840 -1,41740 1,11590 1,15740 1,85500 -1,40710 2,91990 3,03940 2,07890 -1,39410 2,96470 3,39050 1,97020 -1,65060 -1,78390 -1,80540 -1,00840 0,36499 -1,40560 -1,99050 

epoch#26
outer neurons:
3,28560 3,79680 -3,39320 2,56340 -3,96290 -3,44570 2,76560 -2,74930 2,83380 -2,27830 

neurons of hidden layers:
-6,38780 2,54260 3,56450 4,29270 -5,20790 1,61930 3,24950 3,22900 1,99260 3,72370 3,30040 0,24484 -3,62590 2,65110 3,52680 -4,12580 -3,97940 2,89770 -4,49540 -3,79150 1,36920 -1,41760 1,11620 1,15770 1,85730 -1,40930 2,92100 3,04060 2,08120 -1,39640 2,96590 3,39170 1,97090 -1,65060 -1,78380 -1,80540 -1,00730 0,36902 -1,40530 -1,99030 

epoch#27
outer neurons:
3,29410 3,80540 -3,40590 2,57140 -3,97170 -3,45450 2,77880 -2,75760 2,83990 -2,28410 

neurons of hidden layers:
-6,38780 2,54270 3,56450 4,29270 -5,20800 1,62000 3,25150 3,23110 1,99290 3,72380 3,30060 0,24631 -3,62890 2,65190 3,52730 -4,12640 -3,98070 2,90400 -4,49640 -3,79270 1,36990 -1,41790 1,11650 1,15800 1,85940 -1,41140 2,92220 3,04170 2,08340 -1,39870 2,96700 3,39290 1,97160 -1,65050 -1,78370 -1,80550 -1,00620 0,37285 -1,40510 -1,99030 

epoch#28
outer neurons:
3,30230 3,81360 -3,41800 2,57910 -3,98020 -3,46300 2,79160 -2,76550 2,84590 -2,28960 

neurons of hidden layers:
-6,38780 2,54280 3,56460 4,29280 -5,20810 1,62070 3,25350 3,23320 1,99310 3,72390 3,30070 0,24773 -3,63190 2,65270 3,52790 -4,12700 -3,98190 2,91010 -4,49740 -3,79380 1,37070 -1,41810 1,11680 1,15830 1,86140 -1,41350 2,92320 3,04280 2,08550 -1,40080 2,96810 3,39400 1,97230 -1,65050 -1,78350 -1,80550 -1,00520 0,37651 -1,40490 -1,99020 

epoch#29
outer neurons:
3,31020 3,82150 -3,42980 2,58650 -3,98830 -3,47120 2,80390 -2,77320 2,85160 -2,29490 

neurons of hidden layers:
-6,38780 2,54290 3,56460 4,29280 -5,20810 1,62140 3,25530 3,23520 1,99330 3,72400 3,30090 0,24909 -3,63470 2,65350 3,52840 -4,12760 -3,98310 2,91590 -4,49840 -3,79490 1,37140 -1,41840 1,11710 1,15860 1,86340 -1,41540 2,92420 3,04380 2,08750 -1,40290 2,96920 3,39510 1,97300 -1,65040 -1,78340 -1,80550 -1,00420 0,38000 -1,40470 -1,99010 

epoch#30
outer neurons:
3,31790 3,82920 -3,44110 2,59370 -3,99610 -3,47900 2,81580 -2,78050 2,85710 -2,30000 

neurons of hidden layers:
-6,38780 2,54300 3,56470 4,29280 -5,20820 1,62210 3,25710 3,23720 1,99350 3,72410 3,30100 0,25040 -3,63750 2,65420 3,52890 -4,12820 -3,98430 2,92160 -4,49930 -3,79590 1,37200 -1,41860 1,11740 1,15880 1,86530 -1,41740 2,92520 3,04480 2,08950 -1,40490 2,97020 3,39610 1,97370 -1,65040 -1,78330 -1,80560 -1,00330 0,38334 -1,40450 -1,99000 

epoch#31
outer neurons:
3,32520 3,83660 -3,45210 2,60060 -4,00370 -3,48670 2,82720 -2,78770 2,86240 -2,30500 

neurons of hidden layers:
-6,38780 2,54310 3,56470 4,29290 -5,20820 1,62270 3,25880 3,23900 1,99380 3,72420 3,30120 0,25167 -3,64010 2,65500 3,52940 -4,12880 -3,98540 2,92700 -4,50020 -3,79690 1,37270 -1,41890 1,11770 1,15910 1,86710 -1,41930 2,92620 3,04580 2,09140 -1,40690 2,97120 3,39710 1,97430 -1,65030 -1,78320 -1,80560 -1,00240 0,38654 -1,40430 -1,99000 

epoch#32
outer neurons:
3,33240 3,84370 -3,46270 2,60730 -4,01100 -3,49400 2,83840 -2,79460 2,86750 -2,30980 

neurons of hidden layers:
-6,38780 2,54320 3,56480 4,29290 -5,20830 1,62330 3,26040 3,24080 1,99400 3,72430 3,30130 0,25290 -3,64270 2,65570 3,52980 -4,12930 -3,98650 2,93220 -4,50100 -3,79790 1,37330 -1,41910 1,11790 1,15940 1,86890 -1,42110 2,92710 3,04670 2,09320 -1,40880 2,97210 3,39810 1,97490 -1,65030 -1,78320 -1,80570 -1,00160 0,38961 -1,40420 -1,98990 

epoch#33
outer neurons:
3,33930 3,85060 -3,47300 2,61380 -4,01810 -3,50110 2,84910 -2,80130 2,87250 -2,31450 

neurons of hidden layers:
-6,38790 2,54330 3,56480 4,29290 -5,20830 1,62390 3,26200 3,24260 1,99420 3,72440 3,30140 0,25409 -3,64510 2,65640 3,53030 -4,12990 -3,98750 2,93730 -4,50190 -3,79890 1,37390 -1,41940 1,11820 1,15960 1,87060 -1,42290 2,92800 3,04760 2,09500 -1,41070 2,97300 3,39900 1,97550 -1,65020 -1,78310 -1,80570 -1,00070 0,39257 -1,40400 -1,98980 

epoch#34
outer neurons:
3,34600 3,85740 -3,48300 2,62010 -4,02500 -3,50800 2,85960 -2,80780 2,87730 -2,31900 

neurons of hidden layers:
-6,38790 2,54340 3,56490 4,29290 -5,20840 1,62450 3,26360 3,24420 1,99440 3,72450 3,30150 0,25524 -3,64750 2,65700 3,53070 -4,13040 -3,98860 2,94220 -4,50270 -3,79980 1,37440 -1,41960 1,11840 1,15980 1,87220 -1,42460 2,92880 3,04840 2,09660 -1,41250 2,97390 3,39990 1,97610 -1,65010 -1,78300 -1,80580 -0,99997 0,39541 -1,40390 -1,98980 

epoch#35
outer neurons:
3,35250 3,86390 -3,49270 2,62620 -4,03170 -3,51470 2,86970 -2,81400 2,88200 -2,32340 

neurons of hidden layers:
-6,38790 2,54350 3,56490 4,29300 -5,20840 1,62510 3,26510 3,24590 1,99450 3,72460 3,30170 0,25636 -3,64980 2,65770 3,53110 -4,13090 -3,98960 2,94690 -4,50350 -3,80070 1,37500 -1,41990 1,11870 1,16010 1,87380 -1,42630 2,92970 3,04930 2,09830 -1,41420 2,97480 3,40080 1,97670 -1,65010 -1,78290 -1,80580 -0,99922 0,39815 -1,40370 -1,98980 

epoch#36
outer neurons:
3,35880 3,87020 -3,50220 2,63220 -4,03820 -3,52120 2,87950 -2,82020 2,88650 -2,32770 

neurons of hidden layers:
-6,38790 2,54350 3,56490 4,29300 -5,20850 1,62570 3,26650 3,24740 1,99470 3,72470 3,30180 0,25745 -3,65200 2,65830 3,53150 -4,13140 -3,99060 2,95150 -4,50430 -3,80160 1,37550 -1,42010 1,11890 1,16030 1,87540 -1,42790 2,93050 3,05010 2,09990 -1,41600 2,97560 3,40160 1,97730 -1,65000 -1,78290 -1,80590 -0,99850 0,40078 -1,40360 -1,98970 

epoch#37
outer neurons:
3,36490 3,87640 -3,51130 2,63800 -4,04450 -3,52760 2,88910 -2,82610 2,89090 -2,33180 

neurons of hidden layers:
-6,38790 2,54360 3,56500 4,29300 -5,20850 1,62620 3,26790 3,24900 1,99490 3,72470 3,30190 0,25850 -3,65420 2,65890 3,53190 -4,13190 -3,99150 2,95590 -4,50500 -3,80250 1,37600 -1,42030 1,11910 1,16050 1,87680 -1,42950 2,93120 3,05090 2,10140 -1,41770 2,97640 3,40250 1,97780 -1,65000 -1,78280 -1,80590 -0,99781 0,40333 -1,40350 -1,98970 

epoch#38
outer neurons:
3,37090 3,88240 -3,52030 2,64360 -4,05060 -3,53370 2,89840 -2,83190 2,89520 -2,33590 

neurons of hidden layers:
-6,38790 2,54370 3,56500 4,29300 -5,20860 1,62670 3,26930 3,25040 1,99510 3,72480 3,30200 0,25953 -3,65630 2,65950 3,53230 -4,13230 -3,99240 2,96030 -4,50570 -3,80330 1,37660 -1,42060 1,11930 1,16070 1,87830 -1,43110 2,93200 3,05160 2,10290 -1,41930 2,97720 3,40320 1,97840 -1,64990 -1,78270 -1,80600 -0,99714 0,40579 -1,40330 -1,98960 

epoch#39
outer neurons:
3,37670 3,88820 -3,52900 2,64910 -4,05660 -3,53970 2,90750 -2,83750 2,89940 -2,33980 

neurons of hidden layers:
-6,38790 2,54380 3,56510 4,29310 -5,20860 1,62730 3,27060 3,25190 1,99530 3,72490 3,30210 0,26053 -3,65830 2,66010 3,53270 -4,13280 -3,99340 2,96440 -4,50640 -3,80410 1,37700 -1,42080 1,11950 1,16090 1,87970 -1,43260 2,93270 3,05240 2,10440 -1,42090 2,97800 3,40400 1,97890 -1,64980 -1,78270 -1,80610 -0,99650 0,40818 -1,40320 -1,98960 

epoch#40
outer neurons:
3,38240 3,89390 -3,53750 2,65440 -4,06240 -3,54550 2,91630 -2,84300 2,90350 -2,34360 

neurons of hidden layers:
-6,38790 2,54390 3,56510 4,29310 -5,20870 1,62780 3,27190 3,25330 1,99540 3,72500 3,30220 0,26150 -3,66030 2,66070 3,53310 -4,13320 -3,99430 2,96850 -4,50710 -3,80490 1,37750 -1,42110 1,11980 1,16110 1,88110 -1,43410 2,93340 3,05310 2,10580 -1,42250 2,97870 3,40480 1,97950 -1,64980 -1,78260 -1,80610 -0,99588 0,41048 -1,40310 -1,98960 

epoch#41
outer neurons:
3,38790 3,89940 -3,54580 2,65960 -4,06800 -3,55120 2,92490 -2,84830 2,90740 -2,34740 

neurons of hidden layers:
-6,38790 2,54390 3,56510 4,29310 -5,20870 1,62820 3,27310 3,25460 1,99560 3,72500 3,30230 0,26245 -3,66220 2,66130 3,53350 -4,13370 -3,99510 2,97250 -4,50780 -3,80570 1,37800 -1,42130 1,12000 1,16130 1,88240 -1,43560 2,93410 3,05380 2,10720 -1,42400 2,97950 3,40550 1,98000 -1,64970 -1,78260 -1,80620 -0,99528 0,41271 -1,40300 -1,98960 

epoch#42
outer neurons:
3,39330 3,90490 -3,55390 2,66470 -4,07350 -3,55670 2,93340 -2,85350 2,91130 -2,35100 

neurons of hidden layers:
-6,38790 2,54400 3,56520 4,29310 -5,20870 1,62870 3,27440 3,25600 1,99570 3,72510 3,30240 0,26337 -3,66410 2,66180 3,53380 -4,13410 -3,99600 2,97630 -4,50850 -3,80640 1,37840 -1,42150 1,12010 1,16150 1,88370 -1,43700 2,93480 3,05450 2,10850 -1,42550 2,98020 3,40620 1,98050 -1,64970 -1,78260 -1,80620 -0,99471 0,41488 -1,40290 -1,98960 

epoch#43
outer neurons:
3,39850 3,91010 -3,56180 2,66970 -4,07890 -3,56210 2,94160 -2,85860 2,91500 -2,35460 

neurons of hidden layers:
-6,38790 2,54410 3,56520 4,29320 -5,20880 1,62920 3,27550 3,25730 1,99590 3,72520 3,30250 0,26428 -3,66590 2,66230 3,53420 -4,13450 -3,99680 2,98010 -4,50910 -3,80720 1,37890 -1,42170 1,12030 1,16170 1,88500 -1,43840 2,93550 3,05520 2,10980 -1,42700 2,98090 3,40690 1,98100 -1,64960 -1,78250 -1,80630 -0,99415 0,41698 -1,40280 -1,98950 

epoch#44
outer neurons:
3,40370 3,91530 -3,56950 2,67450 -4,08420 -3,56740 2,94960 -2,86360 2,91870 -2,35810 

neurons of hidden layers:
-6,38790 2,54410 3,56520 4,29320 -5,20880 1,62970 3,27670 3,25850 1,99600 3,72520 3,30260 0,26516 -3,66770 2,66290 3,53450 -4,13490 -3,99760 2,98380 -4,50980 -3,80790 1,37930 -1,42200 1,12050 1,16190 1,88620 -1,43980 2,93610 3,05580 2,11110 -1,42840 2,98150 3,40760 1,98150 -1,64950 -1,78250 -1,80640 -0,99361 0,41902 -1,40270 -1,98950 

epoch#45
outer neurons:
3,40870 3,92030 -3,57700 2,67930 -4,08930 -3,57260 2,95740 -2,86840 2,92230 -2,36150 

neurons of hidden layers:
-6,38790 2,54420 3,56530 4,29320 -5,20890 1,63010 3,27780 3,25980 1,99620 3,72530 3,30270 0,26602 -3,66950 2,66340 3,53480 -4,13530 -3,99840 2,98730 -4,51040 -3,80860 1,37970 -1,42220 1,12070 1,16200 1,88740 -1,44120 2,93680 3,05650 2,11230 -1,42990 2,98220 3,40830 1,98190 -1,64950 -1,78250 -1,80640 -0,99308 0,42100 -1,40270 -1,98950 

epoch#46
outer neurons:
3,41360 3,92530 -3,58440 2,68390 -4,09430 -3,57760 2,96510 -2,87320 2,92580 -2,36480 

neurons of hidden layers:
-6,38790 2,54430 3,56530 4,29320 -5,20890 1,63050 3,27890 3,26100 1,99630 3,72540 3,30280 0,26686 -3,67120 2,66390 3,53520 -4,13570 -3,99920 2,99080 -4,51100 -3,80930 1,38010 -1,42240 1,12090 1,16220 1,88860 -1,44250 2,93740 3,05710 2,11350 -1,43120 2,98280 3,40890 1,98240 -1,64940 -1,78240 -1,80650 -0,99257 0,42293 -1,40260 -1,98950 

epoch#47
outer neurons:
3,41840 3,93010 -3,59160 2,68840 -4,09930 -3,58250 2,97260 -2,87780 2,92920 -2,36810 

neurons of hidden layers:
-6,38790 2,54430 3,56530 4,29320 -5,20890 1,63100 3,28000 3,26210 1,99650 3,72540 3,30290 0,26768 -3,67280 2,66440 3,53550 -4,13610 -4,00000 2,99420 -4,51160 -3,81000 1,38050 -1,42260 1,12100 1,16240 1,88970 -1,44380 2,93800 3,05770 2,11470 -1,43260 2,98340 3,40950 1,98290 -1,64940 -1,78240 -1,80660 -0,99208 0,42480 -1,40250 -1,98950 

epoch#48
outer neurons:
3,42310 3,93480 -3,59870 2,69290 -4,10410 -3,58730 2,97990 -2,88230 2,93260 -2,37120 

neurons of hidden layers:
-6,38790 2,54440 3,56540 4,29330 -5,20900 1,63140 3,28110 3,26330 1,99660 3,72550 3,30300 0,26849 -3,67450 2,66480 3,53580 -4,13640 -4,00070 2,99760 -4,51220 -3,81060 1,38090 -1,42290 1,12120 1,16250 1,89080 -1,44510 2,93850 3,05830 2,11590 -1,43390 2,98400 3,41020 1,98330 -1,64930 -1,78240 -1,80670 -0,99160 0,42663 -1,40240 -1,98950 

epoch#49
outer neurons:
3,42770 3,93940 -3,60570 2,69720 -4,10880 -3,59210 2,98710 -2,88680 2,93590 -2,37440 

neurons of hidden layers:
-6,38800 2,54450 3,56540 4,29330 -5,20900 1,63180 3,28210 3,26440 1,99670 3,72560 3,30310 0,26927 -3,67600 2,66530 3,53610 -4,13680 -4,00150 3,00080 -4,51280 -3,81130 1,38130 -1,42310 1,12140 1,16270 1,89190 -1,44630 2,93910 3,05890 2,11700 -1,43520 2,98460 3,41080 1,98370 -1,64920 -1,78230 -1,80670 -0,99114 0,42841 -1,40240 -1,98950 

epoch#50
outer neurons:
3,43220 3,94390 -3,61240 2,70150 -4,11340 -3,59670 2,99410 -2,89110 2,93910 -2,37740 

neurons of hidden layers:
-6,38800 2,54450 3,56540 4,29330 -5,20900 1,63220 3,28310 3,26550 1,99690 3,72560 3,30320 0,27004 -3,67760 2,66580 3,53640 -4,13720 -4,00220 3,00400 -4,51330 -3,81190 1,38170 -1,42330 1,12150 1,16280 1,89300 -1,44760 2,93970 3,05940 2,11810 -1,43650 2,98520 3,41130 1,98420 -1,64920 -1,78230 -1,80680 -0,99069 0,43014 -1,40230 -1,98950 

epoch#51
outer neurons:
3,43660 3,94840 -3,61910 2,70560 -4,11790 -3,60120 3,00100 -2,89540 2,94230 -2,38040 

neurons of hidden layers:
-6,38800 2,54460 3,56550 4,29330 -5,20910 1,63260 3,28410 3,26650 1,99700 3,72570 3,30320 0,27080 -3,67910 2,66620 3,53670 -4,13750 -4,00290 3,00710 -4,51390 -3,81250 1,38200 -1,42350 1,12170 1,16300 1,89400 -1,44880 2,94020 3,06000 2,11920 -1,43780 2,98580 3,41190 1,98460 -1,64910 -1,78230 -1,80690 -0,99025 0,43183 -1,40220 -1,98950 

epoch#52
outer neurons:
3,44100 3,95270 -3,62560 2,70970 -4,12230 -3,60570 3,00770 -2,89960 2,94530 -2,38340 

neurons of hidden layers:
-6,38800 2,54460 3,56550 4,29330 -5,20910 1,63300 3,28500 3,26760 1,99710 3,72570 3,30330 0,27154 -3,68060 2,66670 3,53700 -4,13790 -4,00360 3,01010 -4,51440 -3,81320 1,38240 -1,42370 1,12180 1,16310 1,89500 -1,44990 2,94080 3,06050 2,12020 -1,43900 2,98630 3,41250 1,98500 -1,64910 -1,78230 -1,80690 -0,98982 0,43348 -1,40220 -1,98950 

epoch#53
outer neurons:
3,44520 3,95700 -3,63200 2,71370 -4,12660 -3,61000 3,01440 -2,90370 2,94840 -2,38620 

neurons of hidden layers:
-6,38800 2,54470 3,56550 4,29330 -5,20910 1,63340 3,28600 3,26860 1,99730 3,72580 3,30340 0,27227 -3,68200 2,66710 3,53730 -4,13820 -4,00430 3,01310 -4,51490 -3,81380 1,38270 -1,42390 1,12200 1,16330 1,89600 -1,45110 2,94130 3,06100 2,12130 -1,44030 2,98690 3,41300 1,98540 -1,64900 -1,78230 -1,80700 -0,98941 0,43509 -1,40210 -1,98950 

epoch#54
outer neurons:
3,44940 3,96110 -3,63830 2,71770 -4,13090 -3,61430 3,02090 -2,90770 2,95130 -2,38910 

neurons of hidden layers:
-6,38800 2,54480 3,56550 4,29340 -5,20920 1,63380 3,28690 3,26960 1,99740 3,72580 3,30350 0,27298 -3,68350 2,66750 3,53750 -4,13850 -4,00500 3,01600 -4,51550 -3,81440 1,38310 -1,42410 1,12210 1,16340 1,89700 -1,45230 2,94180 3,06160 2,12230 -1,44150 2,98740 3,41360 1,98590 -1,64900 -1,78220 -1,80710 -0,98900 0,43666 -1,40200 -1,98950 

epoch#55
outer neurons:
3,45350 3,96520 -3,64450 2,72150 -4,13510 -3,61850 3,02730 -2,91160 2,95430 -2,39180 

neurons of hidden layers:
-6,38800 2,54480 3,56560 4,29340 -5,20920 1,63410 3,28780 3,27060 1,99750 3,72590 3,30360 0,27368 -3,68490 2,66790 3,53780 -4,13890 -4,00570 3,01890 -4,51600 -3,81490 1,38340 -1,42430 1,12230 1,16360 1,89800 -1,45340 2,94230 3,06210 2,12330 -1,44260 2,98800 3,41410 1,98630 -1,64890 -1,78220 -1,80710 -0,98861 0,43820 -1,40200 -1,98950 

epoch#56
outer neurons:
3,45750 3,96930 -3,65060 2,72530 -4,13920 -3,62260 3,03350 -2,91550 2,95710 -2,39460 

neurons of hidden layers:
-6,38800 2,54490 3,56560 4,29340 -5,20920 1,63450 3,28870 3,27160 1,99760 3,72590 3,30360 0,27436 -3,68620 2,66840 3,53810 -4,13920 -4,00630 3,02170 -4,51650 -3,81550 1,38370 -1,42450 1,12240 1,16370 1,89890 -1,45450 2,94280 3,06260 2,12430 -1,44380 2,98850 3,41460 1,98660 -1,64880 -1,78220 -1,80720 -0,98823 0,43970 -1,40190 -1,98950 

epoch#57
outer neurons:
3,46140 3,97320 -3,65650 2,72900 -4,14320 -3,62660 3,03970 -2,91930 2,95990 -2,39720 

neurons of hidden layers:
-6,38800 2,54490 3,56560 4,29340 -5,20930 1,63480 3,28960 3,27250 1,99770 3,72600 3,30370 0,27504 -3,68760 2,66880 3,53840 -4,13950 -4,00700 3,02450 -4,51700 -3,81610 1,38410 -1,42470 1,12260 1,16380 1,89990 -1,45560 2,94330 3,06310 2,12520 -1,44490 2,98900 3,41510 1,98700 -1,64880 -1,78220 -1,80730 -0,98785 0,44117 -1,40190 -1,98950 

epoch#58
outer neurons:
3,46530 3,97710 -3,66240 2,73270 -4,14710 -3,63060 3,04570 -2,92310 2,96270 -2,39990 

neurons of hidden layers:
-6,38800 2,54500 3,56560 4,29340 -5,20930 1,63520 3,29040 3,27350 1,99790 3,72610 3,30380 0,27570 -3,68890 2,66920 3,53860 -4,13980 -4,00760 3,02720 -4,51750 -3,81660 1,38440 -1,42490 1,12270 1,16400 1,90080 -1,45670 2,94380 3,06350 2,12610 -1,44610 2,98950 3,41570 1,98740 -1,64870 -1,78220 -1,80740 -0,98749 0,44261 -1,40180 -1,98950 

epoch#59
outer neurons:
3,46910 3,98090 -3,66810 2,73630 -4,15100 -3,63450 3,05170 -2,92670 2,96540 -2,40250 

neurons of hidden layers:
-6,38800 2,54500 3,56570 4,29340 -5,20930 1,63550 3,29130 3,27440 1,99800 3,72610 3,30380 0,27635 -3,69020 2,66950 3,53890 -4,14010 -4,00830 3,02980 -4,51790 -3,81720 1,38470 -1,42510 1,12280 1,16410 1,90160 -1,45770 2,94420 3,06400 2,12710 -1,44720 2,99000 3,41610 1,98780 -1,64870 -1,78220 -1,80740 -0,98713 0,44401 -1,40180 -1,98950 

epoch#60
outer neurons:
3,47280 3,98470 -3,67380 2,73980 -4,15480 -3,63830 3,05750 -2,93030 2,96810 -2,40500 

neurons of hidden layers:
-6,38800 2,54510 3,56570 4,29340 -5,20940 1,63590 3,29210 3,27530 1,99810 3,72620 3,30390 0,27699 -3,69150 2,66990 3,53910 -4,14040 -4,00890 3,03240 -4,51840 -3,81770 1,38500 -1,42530 1,12300 1,16420 1,90250 -1,45880 2,94470 3,06450 2,12800 -1,44830 2,99040 3,41660 1,98820 -1,64860 -1,78220 -1,80750 -0,98678 0,44539 -1,40170 -1,98950 

epoch#61
outer neurons:
3,47650 3,98840 -3,67940 2,74330 -4,15860 -3,64200 3,06330 -2,93390 2,97070 -2,40750 

neurons of hidden layers:
-6,38800 2,54510 3,56570 4,29350 -5,20940 1,63620 3,29290 3,27610 1,99820 3,72620 3,30400 0,27762 -3,69270 2,67030 3,53940 -4,14070 -4,00950 3,03500 -4,51890 -3,81820 1,38530 -1,42550 1,12310 1,16440 1,90340 -1,45980 2,94510 3,06490 2,12880 -1,44930 2,99090 3,41710 1,98850 -1,64860 -1,78220 -1,80760 -0,98644 0,44674 -1,40170 -1,98950 

epoch#62
outer neurons:
3,48010 3,99200 -3,68490 2,74670 -4,16230 -3,64570 3,06890 -2,93740 2,97330 -2,41000 

neurons of hidden layers:
-6,38800 2,54520 3,56570 4,29350 -5,20940 1,63650 3,29370 3,27700 1,99830 3,72630 3,30410 0,27823 -3,69390 2,67070 3,53960 -4,14100 -4,01010 3,03750 -4,51930 -3,81870 1,38560 -1,42570 1,12320 1,16450 1,90420 -1,46080 2,94560 3,06540 2,12970 -1,45040 2,99140 3,41760 1,98890 -1,64850 -1,78220 -1,80760 -0,98611 0,44806 -1,40170 -1,98960 

epoch#63
outer neurons:
3,48370 3,99560 -3,69020 2,75010 -4,16590 -3,64940 3,07450 -2,94080 2,97580 -2,41240 

neurons of hidden layers:
-6,38800 2,54520 3,56580 4,29350 -5,20940 1,63690 3,29450 3,27780 1,99840 3,72630 3,30410 0,27884 -3,69510 2,67110 3,53990 -4,14130 -4,01070 3,03990 -4,51980 -3,81930 1,38590 -1,42590 1,12340 1,16460 1,90500 -1,46180 2,94600 3,06580 2,13060 -1,45140 2,99180 3,41800 1,98930 -1,64850 -1,78220 -1,80770 -0,98579 0,44935 -1,40160 -1,98960 

epoch#64
outer neurons:
3,48720 3,99910 -3,69560 2,75340 -4,16940 -3,65300 3,08000 -2,94420 2,97830 -2,41480 

neurons of hidden layers:
-6,38800 2,54530 3,56580 4,29350 -5,20950 1,63720 3,29530 3,27870 1,99850 3,72630 3,30420 0,27944 -3,69630 2,67140 3,54010 -4,14160 -4,01130 3,04230 -4,52020 -3,81980 1,38620 -1,42610 1,12350 1,16470 1,90590 -1,46280 2,94640 3,06630 2,13140 -1,45250 2,99230 3,41850 1,98960 -1,64840 -1,78210 -1,80780 -0,98547 0,45062 -1,40160 -1,98960 

epoch#65
outer neurons:
3,49060 4,00250 -3,70080 2,75670 -4,17300 -3,65650 3,08530 -2,94750 2,98070 -2,41710 

neurons of hidden layers:
-6,38800 2,54530 3,56580 4,29350 -5,20950 1,63750 3,29600 3,27950 1,99860 3,72640 3,30430 0,28002 -3,69750 2,67180 3,54030 -4,14190 -4,01180 3,04470 -4,52070 -3,82030 1,38640 -1,42630 1,12360 1,16480 1,90670 -1,46370 2,94690 3,06670 2,13220 -1,45350 2,99270 3,41890 1,99000 -1,64830 -1,78210 -1,80780 -0,98516 0,45186 -1,40150 -1,98960 

epoch#66
outer neurons:
3,49400 4,00590 -3,70590 2,75990 -4,17640 -3,66000 3,09060 -2,95080 2,98310 -2,41940 

neurons of hidden layers:
-6,38800 2,54530 3,56580 4,29350 -5,20950 1,63780 3,29670 3,28030 1,99870 3,72640 3,30430 0,28060 -3,69860 2,67210 3,54060 -4,14210 -4,01240 3,04710 -4,52110 -3,82070 1,38670 -1,42640 1,12370 1,16490 1,90740 -1,46470 2,94730 3,06710 2,13310 -1,45450 2,99310 3,41940 1,99030 -1,64830 -1,78210 -1,80790 -0,98486 0,45308 -1,40150 -1,98960 

epoch#67
outer neurons:
3,49740 4,00930 -3,71100 2,76300 -4,17980 -3,66340 3,09590 -2,95400 2,98550 -2,42170 

neurons of hidden layers:
-6,38800 2,54540 3,56590 4,29350 -5,20960 1,63810 3,29750 3,28110 1,99880 3,72650 3,30440 0,28117 -3,69970 2,67250 3,54080 -4,14240 -4,01300 3,04940 -4,52150 -3,82120 1,38700 -1,42660 1,12380 1,16510 1,90820 -1,46560 2,94770 3,06750 2,13390 -1,45550 2,99350 3,41980 1,99060 -1,64820 -1,78210 -1,80800 -0,98456 0,45428 -1,40150 -1,98960 

epoch#68
outer neurons:
3,50070 4,01260 -3,71600 2,76620 -4,18320 -3,66670 3,10100 -2,95720 2,98790 -2,42390 

neurons of hidden layers:
-6,38800 2,54540 3,56590 4,29360 -5,20960 1,63840 3,29820 3,28190 1,99890 3,72650 3,30450 0,28173 -3,70080 2,67280 3,54100 -4,14270 -4,01350 3,05160 -4,52190 -3,82170 1,38720 -1,42680 1,12390 1,16520 1,90900 -1,46660 2,94810 3,06790 2,13460 -1,45640 2,99400 3,42020 1,99100 -1,64820 -1,78210 -1,80810 -0,98427 0,45546 -1,40140 -1,98960 

epoch#69
outer neurons:
3,50390 4,01580 -3,72090 2,76920 -4,18650 -3,67010 3,10610 -2,96030 2,99020 -2,42620 

neurons of hidden layers:
-6,38800 2,54550 3,56590 4,29360 -5,20960 1,63870 3,29890 3,28270 1,99900 3,72660 3,30450 0,28229 -3,70190 2,67310 3,54120 -4,14290 -4,01410 3,05390 -4,52230 -3,82220 1,38750 -1,42700 1,12410 1,16530 1,90970 -1,46750 2,94850 3,06830 2,13540 -1,45740 2,99440 3,42060 1,99130 -1,64810 -1,78210 -1,80810 -0,98398 0,45661 -1,40140 -1,98960 

epoch#70
outer neurons:
3,50710 4,01910 -3,72580 2,77230 -4,18970 -3,67330 3,11110 -2,96340 2,99240 -2,42830 

neurons of hidden layers:
-6,38800 2,54550 3,56590 4,29360 -5,20960 1,63900 3,29960 3,28340 1,99910 3,72660 3,30460 0,28283 -3,70300 2,67350 3,54140 -4,14320 -4,01460 3,05610 -4,52270 -3,82260 1,38780 -1,42720 1,12420 1,16540 1,91050 -1,46840 2,94890 3,06870 2,13620 -1,45830 2,99480 3,42100 1,99160 -1,64810 -1,78210 -1,80820 -0,98371 0,45774 -1,40140 -1,98970 

epoch#71
outer neurons:
3,51020 4,02220 -3,73060 2,77520 -4,19290 -3,67650 3,11600 -2,96640 2,99470 -2,43050 

neurons of hidden layers:
-6,38800 2,54560 3,56590 4,29360 -5,20970 1,63930 3,30030 3,28420 1,99920 3,72670 3,30460 0,28337 -3,70410 2,67380 3,54170 -4,14350 -4,01510 3,05820 -4,52310 -3,82310 1,38800 -1,42730 1,12430 1,16550 1,91120 -1,46930 2,94920 3,06910 2,13690 -1,45930 2,99520 3,42140 1,99190 -1,64800 -1,78210 -1,80830 -0,98343 0,45886 -1,40140 -1,98970 

epoch#72
outer neurons:
3,51330 4,02530 -3,73530 2,77820 -4,19610 -3,67970 3,12090 -2,96940 2,99690 -2,43260 

neurons of hidden layers:
-6,38800 2,54560 3,56600 4,29360 -5,20970 1,63960 3,30100 3,28490 1,99930 3,72670 3,30470 0,28390 -3,70510 2,67410 3,54190 -4,14370 -4,01560 3,06030 -4,52350 -3,82350 1,38830 -1,42750 1,12440 1,16560 1,91190 -1,47020 2,94960 3,06950 2,13770 -1,46020 2,99560 3,42180 1,99230 -1,64800 -1,78210 -1,80830 -0,98317 0,45995 -1,40130 -1,98970 

epoch#73
outer neurons:
3,51640 4,02840 -3,73990 2,78110 -4,19920 -3,68280 3,12570 -2,97240 2,99910 -2,43470 

neurons of hidden layers:
-6,38810 2,54560 3,56600 4,29360 -5,20970 1,63980 3,30160 3,28560 1,99940 3,72670 3,30480 0,28442 -3,70610 2,67440 3,54210 -4,14400 -4,01620 3,06240 -4,52390 -3,82400 1,38850 -1,42770 1,12450 1,16570 1,91260 -1,47100 2,95000 3,06990 2,13840 -1,46110 2,99600 3,42220 1,99260 -1,64790 -1,78210 -1,80840 -0,98290 0,46103 -1,40130 -1,98970 

epoch#74
outer neurons:
3,51940 4,03140 -3,74450 2,78390 -4,20230 -3,68590 3,13040 -2,97530 3,00120 -2,43670 

neurons of hidden layers:
-6,38810 2,54570 3,56600 4,29360 -5,20970 1,64010 3,30230 3,28630 1,99950 3,72680 3,30480 0,28493 -3,70710 2,67480 3,54230 -4,14420 -4,01670 3,06450 -4,52430 -3,82440 1,38870 -1,42790 1,12460 1,16580 1,91330 -1,47190 2,95030 3,07020 2,13910 -1,46200 2,99630 3,42260 1,99290 -1,64790 -1,78210 -1,80850 -0,98265 0,46208 -1,40130 -1,98970 

epoch#75
outer neurons:
3,52240 4,03440 -3,74910 2,78680 -4,20530 -3,68900 3,13500 -2,97820 3,00330 -2,43880 

neurons of hidden layers:
-6,38810 2,54570 3,56600 4,29360 -5,20980 1,64040 3,30290 3,28700 1,99960 3,72680 3,30490 0,28544 -3,70810 2,67510 3,54250 -4,14450 -4,01720 3,06650 -4,52470 -3,82480 1,38900 -1,42800 1,12470 1,16590 1,91400 -1,47270 2,95070 3,07060 2,13980 -1,46290 2,99670 3,42300 1,99320 -1,64780 -1,78210 -1,80850 -0,98239 0,46312 -1,40120 -1,98970 

epoch#76
outer neurons:
3,52530 4,03740 -3,75350 2,78950 -4,20830 -3,69200 3,13960 -2,98100 3,00540 -2,44080 

neurons of hidden layers:
-6,38810 2,54580 3,56610 4,29370 -5,20980 1,64070 3,30360 3,28770 1,99960 3,72690 3,30490 0,28594 -3,70910 2,67540 3,54270 -4,14470 -4,01770 3,06850 -4,52510 -3,82530 1,38920 -1,42820 1,12480 1,16600 1,91460 -1,47360 2,95110 3,07090 2,14050 -1,46380 2,99710 3,42340 1,99350 -1,64780 -1,78210 -1,80860 -0,98215 0,46415 -1,40120 -1,98980 

epoch#77
outer neurons:
3,52820 4,04030 -3,75790 2,79230 -4,21130 -3,69490 3,14420 -2,98380 3,00750 -2,44270 

neurons of hidden layers:
-6,38810 2,54580 3,56610 4,29370 -5,20980 1,64090 3,30420 3,28840 1,99970 3,72690 3,30500 0,28643 -3,71010 2,67570 3,54290 -4,14490 -4,01820 3,07050 -4,52540 -3,82570 1,38940 -1,42840 1,12490 1,16610 1,91530 -1,47440 2,95140 3,07130 2,14120 -1,46470 2,99740 3,42370 1,99380 -1,64770 -1,78210 -1,80870 -0,98190 0,46515 -1,40120 -1,98980 

epoch#78
outer neurons:
3,53110 4,04310 -3,76230 2,79500 -4,21420 -3,69780 3,14870 -2,98660 3,00950 -2,44470 

neurons of hidden layers:
-6,38810 2,54580 3,56610 4,29370 -5,20980 1,64120 3,30480 3,28910 1,99980 3,72690 3,30500 0,28692 -3,71100 2,67600 3,54310 -4,14520 -4,01870 3,07250 -4,52580 -3,82610 1,38970 -1,42850 1,12500 1,16620 1,91590 -1,47520 2,95180 3,07160 2,14190 -1,46550 2,99780 3,42410 1,99410 -1,64770 -1,78220 -1,80870 -0,98167 0,46614 -1,40120 -1,98980 

epoch#79
outer neurons:
3,53390 4,04600 -3,76660 2,79770 -4,21700 -3,70070 3,15310 -2,98930 3,01150 -2,44660 

neurons of hidden layers:
-6,38810 2,54590 3,56610 4,29370 -5,20980 1,64150 3,30540 3,28970 1,99990 3,72700 3,30510 0,28740 -3,71200 2,67630 3,54330 -4,14540 -4,01910 3,07440 -4,52620 -3,82650 1,38990 -1,42870 1,12510 1,16630 1,91660 -1,47600 2,95210 3,07200 2,14250 -1,46640 2,99820 3,42450 1,99440 -1,64760 -1,78220 -1,80880 -0,98143 0,46712 -1,40110 -1,98980 

epoch#80
outer neurons:
3,53670 4,04880 -3,77080 2,80030 -4,21990 -3,70360 3,15740 -2,99200 3,01350 -2,44850 

neurons of hidden layers:
-6,38810 2,54590 3,56610 4,29370 -5,20990 1,64170 3,30600 3,29040 2,00000 3,72700 3,30510 0,28788 -3,71290 2,67660 3,54350 -4,14560 -4,01960 3,07630 -4,52650 -3,82690 1,39010 -1,42890 1,12520 1,16640 1,91720 -1,47680 2,95240 3,07230 2,14320 -1,46720 2,99850 3,42480 1,99470 -1,64760 -1,78220 -1,80890 -0,98120 0,46808 -1,40110 -1,98980 

epoch#81
outer neurons:
3,53950 4,05150 -3,77500 2,80290 -4,22270 -3,70640 3,16180 -2,99460 3,01540 -2,45040 

neurons of hidden layers:
-6,38810 2,54600 3,56610 4,29370 -5,20990 1,64200 3,30660 3,29100 2,00010 3,72710 3,30520 0,28834 -3,71380 2,67690 3,54360 -4,14590 -4,02010 3,07820 -4,52690 -3,82730 1,39030 -1,42900 1,12530 1,16650 1,91790 -1,47760 2,95280 3,07270 2,14380 -1,46800 2,99880 3,42520 1,99500 -1,64750 -1,78220 -1,80890 -0,98098 0,46902 -1,40110 -1,98980 

epoch#82
outer neurons:
3,54220 4,05430 -3,77920 2,80550 -4,22550 -3,70920 3,16600 -2,99730 3,01740 -2,45230 

neurons of hidden layers:
-6,38810 2,54600 3,56620 4,29370 -5,20990 1,64220 3,30720 3,29170 2,00010 3,72710 3,30530 0,28881 -3,71470 2,67710 3,54380 -4,14610 -4,02050 3,08000 -4,52720 -3,82770 1,39050 -1,42920 1,12540 1,16660 1,91850 -1,47840 2,95310 3,07300 2,14450 -1,46880 2,99920 3,42550 1,99520 -1,64750 -1,78220 -1,80900 -0,98076 0,46995 -1,40110 -1,98990 

epoch#83
outer neurons:
3,54490 4,05700 -3,78330 2,80800 -4,22820 -3,71190 3,17020 -2,99990 3,01930 -2,45410 

neurons of hidden layers:
-6,38810 2,54600 3,56620 4,29370 -5,20990 1,64250 3,30780 3,29230 2,00020 3,72710 3,30530 0,28926 -3,71560 2,67740 3,54400 -4,14630 -4,02100 3,08180 -4,52760 -3,82810 1,39080 -1,42940 1,12550 1,16670 1,91910 -1,47920 2,95340 3,07330 2,14510 -1,46960 2,99950 3,42590 1,99550 -1,64740 -1,78220 -1,80910 -0,98054 0,47087 -1,40110 -1,98990 

epoch#84
outer neurons:
3,54750 4,05960 -3,78730 2,81060 -4,23090 -3,71460 3,17440 -3,00240 3,02110 -2,45590 

neurons of hidden layers:
-6,38810 2,54610 3,56620 4,29370 -5,21000 1,64270 3,30830 3,29290 2,00030 3,72720 3,30540 0,28971 -3,71650 2,67770 3,54420 -4,14650 -4,02150 3,08360 -4,52790 -3,82850 1,39100 -1,42950 1,12560 1,16680 1,91970 -1,47990 2,95370 3,07360 2,14570 -1,47040 2,99990 3,42620 1,99580 -1,64740 -1,78220 -1,80910 -0,98032 0,47177 -1,40100 -1,98990 

epoch#85
outer neurons:
3,55020 4,06230 -3,79130 2,81300 -4,23360 -3,71730 3,17850 -3,00490 3,02300 -2,45770 

neurons of hidden layers:
-6,38810 2,54610 3,56620 4,29380 -5,21000 1,64300 3,30890 3,29350 2,00040 3,72720 3,30540 0,29016 -3,71740 2,67800 3,54440 -4,14670 -4,02190 3,08540 -4,52820 -3,82880 1,39120 -1,42970 1,12570 1,16680 1,92030 -1,48070 2,95400 3,07400 2,14630 -1,47120 3,00020 3,42650 1,99610 -1,64740 -1,78220 -1,80920 -0,98011 0,47266 -1,40100 -1,98990 

epoch#86
outer neurons:
3,55270 4,06490 -3,79530 2,81550 -4,23620 -3,71990 3,18250 -3,00740 3,02480 -2,45950 

neurons of hidden layers:
-6,38810 2,54610 3,56620 4,29380 -5,21000 1,64320 3,30950 3,29410 2,00050 3,72720 3,30550 0,29060 -3,71820 2,67820 3,54460 -4,14690 -4,02230 3,08710 -4,52860 -3,82920 1,39140 -1,42980 1,12580 1,16690 1,92090 -1,48140 2,95430 3,07430 2,14700 -1,47200 3,00050 3,42690 1,99640 -1,64730 -1,78220 -1,80930 -0,97991 0,47353 -1,40100 -1,98990 

epoch#87
outer neurons:
3,55530 4,06740 -3,79920 2,81790 -4,23880 -3,72250 3,18660 -3,00990 3,02670 -2,46120 

neurons of hidden layers:
-6,38810 2,54620 3,56630 4,29380 -5,21000 1,64340 3,31000 3,29470 2,00050 3,72730 3,30550 0,29104 -3,71910 2,67850 3,54470 -4,14720 -4,02280 3,08890 -4,52890 -3,82960 1,39160 -1,43000 1,12580 1,16700 1,92140 -1,48220 2,95470 3,07460 2,14760 -1,47280 3,00080 3,42720 1,99660 -1,64730 -1,78220 -1,80930 -0,97970 0,47440 -1,40100 -1,99000 

epoch#88
outer neurons:
3,55780 4,07000 -3,80300 2,82030 -4,24140 -3,72510 3,19050 -3,01230 3,02850 -2,46290 

neurons of hidden layers:
-6,38810 2,54620 3,56630 4,29380 -5,21000 1,64370 3,31060 3,29530 2,00060 3,72730 3,30560 0,29147 -3,71990 2,67880 3,54490 -4,14740 -4,02320 3,09060 -4,52920 -3,83000 1,39180 -1,43010 1,12590 1,16710 1,92200 -1,48290 2,95500 3,07490 2,14810 -1,47360 3,00110 3,42750 1,99690 -1,64720 -1,78220 -1,80940 -0,97950 0,47525 -1,40100 -1,99000 

epoch#89
outer neurons:
3,56030 4,07250 -3,80690 2,82270 -4,24390 -3,72770 3,19440 -3,01480 3,03020 -2,46470 

neurons of hidden layers:
-6,38810 2,54620 3,56630 4,29380 -5,21010 1,64390 3,31110 3,29590 2,00070 3,72730 3,30560 0,29189 -3,72070 2,67900 3,54510 -4,14760 -4,02370 3,09230 -4,52960 -3,83030 1,39200 -1,43030 1,12600 1,16720 1,92260 -1,48360 2,95530 3,07520 2,14870 -1,47430 3,00150 3,42780 1,99720 -1,64720 -1,78220 -1,80940 -0,97931 0,47609 -1,40100 -1,99000 

epoch#90
outer neurons:
3,56280 4,07500 -3,81060 2,82500 -4,24640 -3,73020 3,19830 -3,01710 3,03200 -2,46630 

neurons of hidden layers:
-6,38810 2,54630 3,56630 4,29380 -5,21010 1,64410 3,31160 3,29650 2,00080 3,72740 3,30570 0,29231 -3,72150 2,67930 3,54520 -4,14780 -4,02410 3,09390 -4,52990 -3,83070 1,39220 -1,43040 1,12610 1,16730 1,92310 -1,48430 2,95560 3,07550 2,14930 -1,47510 3,00180 3,42810 1,99740 -1,64710 -1,78220 -1,80950 -0,97911 0,47692 -1,40090 -1,99000 

epoch#91
outer neurons:
3,56530 4,07740 -3,81440 2,82740 -4,24890 -3,73270 3,20220 -3,01950 3,03370 -2,46800 

neurons of hidden layers:
-6,38810 2,54630 3,56630 4,29380 -5,21010 1,64430 3,31210 3,29700 2,00080 3,72740 3,30570 0,29273 -3,72230 2,67960 3,54540 -4,14800 -4,02450 3,09560 -4,53020 -3,83100 1,39240 -1,43060 1,12620 1,16740 1,92370 -1,48510 2,95580 3,07580 2,14990 -1,47580 3,00210 3,42840 1,99770 -1,64710 -1,78220 -1,80960 -0,97892 0,47773 -1,40090 -1,99000 

epoch#92
outer neurons:
3,56770 4,07980 -3,81810 2,82970 -4,25140 -3,73520 3,20590 -3,02180 3,03540 -2,46970 

neurons of hidden layers:
-6,38810 2,54630 3,56630 4,29380 -5,21010 1,64460 3,31270 3,29760 2,00090 3,72740 3,30580 0,29314 -3,72310 2,67980 3,54560 -4,14820 -4,02490 3,09720 -4,53050 -3,83140 1,39250 -1,43070 1,12630 1,16740 1,92420 -1,48580 2,95610 3,07610 2,15040 -1,47650 3,00240 3,42870 1,99790 -1,64700 -1,78220 -1,80960 -0,97874 0,47854 -1,40090 -1,99010 

epoch#93
outer neurons:
3,57010 4,08220 -3,82170 2,83190 -4,25380 -3,73760 3,20970 -3,02410 3,03710 -2,47130 

neurons of hidden layers:
-6,38810 2,54640 3,56640 4,29380 -5,21010 1,64480 3,31320 3,29820 2,00100 3,72750 3,30580 0,29354 -3,72390 2,68010 3,54570 -4,14840 -4,02530 3,09880 -4,53080 -3,83170 1,39270 -1,43090 1,12640 1,16750 1,92480 -1,48650 2,95640 3,07640 2,15100 -1,47730 3,00270 3,42900 1,99820 -1,64700 -1,78230 -1,80970 -0,97855 0,47933 -1,40090 -1,99010 

epoch#94
outer neurons:
3,57240 4,08460 -3,82540 2,83420 -4,25620 -3,74000 3,21340 -3,02640 3,03880 -2,47290 

neurons of hidden layers:
-6,38810 2,54640 3,56640 4,29390 -5,21020 1,64500 3,31370 3,29870 2,00110 3,72750 3,30580 0,29394 -3,72470 2,68030 3,54590 -4,14860 -4,02570 3,10040 -4,53110 -3,83210 1,39290 -1,43100 1,12640 1,16760 1,92530 -1,48710 2,95670 3,07670 2,15160 -1,47800 3,00300 3,42930 1,99840 -1,64690 -1,78230 -1,80980 -0,97837 0,48012 -1,40090 -1,99010 

epoch#95
outer neurons:
3,57480 4,08700 -3,82890 2,83640 -4,25860 -3,74240 3,21710 -3,02870 3,04050 -2,47450 

neurons of hidden layers:
-6,38810 2,54640 3,56640 4,29390 -5,21020 1,64520 3,31420 3,29920 2,00110 3,72750 3,30590 0,29434 -3,72550 2,68060 3,54610 -4,14880 -4,02620 3,10200 -4,53140 -3,83240 1,39310 -1,43120 1,12650 1,16770 1,92580 -1,48780 2,95700 3,07690 2,15210 -1,47870 3,00320 3,42960 1,99870 -1,64690 -1,78230 -1,80980 -0,97819 0,48089 -1,40090 -1,99010 

epoch#96
outer neurons:
3,57710 4,08930 -3,83250 2,83860 -4,26090 -3,74480 3,22070 -3,03090 3,04210 -2,47610 

neurons of hidden layers:
-6,38810 2,54650 3,56640 4,29390 -5,21020 1,64540 3,31470 3,29980 2,00120 3,72760 3,30590 0,29474 -3,72620 2,68080 3,54620 -4,14900 -4,02660 3,10350 -4,53170 -3,83280 1,39330 -1,43130 1,12660 1,16780 1,92640 -1,48850 2,95730 3,07720 2,15260 -1,47940 3,00350 3,42990 1,99890 -1,64690 -1,78230 -1,80990 -0,97802 0,48166 -1,40090 -1,99010 

epoch#97
outer neurons:
3,57940 4,09160 -3,83600 2,84080 -4,26330 -3,74710 3,22430 -3,03310 3,04370 -2,47770 

neurons of hidden layers:
-6,38810 2,54650 3,56640 4,29390 -5,21020 1,64570 3,31520 3,30030 2,00130 3,72760 3,30600 0,29512 -3,72700 2,68110 3,54640 -4,14920 -4,02700 3,10510 -4,53200 -3,83310 1,39350 -1,43150 1,12670 1,16780 1,92690 -1,48920 2,95750 3,07750 2,15320 -1,48010 3,00380 3,43020 1,99920 -1,64680 -1,78230 -1,80990 -0,97784 0,48241 -1,40090 -1,99020 

epoch#98
outer neurons:
3,58170 4,09390 -3,83940 2,84290 -4,26560 -3,74940 3,22790 -3,03530 3,04530 -2,47920 

neurons of hidden layers:
-6,38810 2,54650 3,56640 4,29390 -5,21020 1,64590 3,31560 3,30080 2,00130 3,72760 3,30600 0,29551 -3,72770 2,68130 3,54650 -4,14930 -4,02730 3,10660 -4,53230 -3,83340 1,39360 -1,43160 1,12680 1,16790 1,92740 -1,48980 2,95780 3,07780 2,15370 -1,48080 3,00410 3,43050 1,99940 -1,64680 -1,78230 -1,81000 -0,97767 0,48316 -1,40080 -1,99020 

epoch#99
outer neurons:
3,58390 4,09610 -3,84290 2,84500 -4,26780 -3,75170 3,23140 -3,03750 3,04690 -2,48080 

neurons of hidden layers:
-6,38810 2,54650 3,56650 4,29390 -5,21020 1,64610 3,31610 3,30140 2,00140 3,72770 3,30610 0,29589 -3,72850 2,68150 3,54670 -4,14950 -4,02770 3,10810 -4,53260 -3,83380 1,39380 -1,43170 1,12680 1,16800 1,92790 -1,49050 2,95810 3,07800 2,15420 -1,48150 3,00440 3,43080 1,99970 -1,64670 -1,78230 -1,81010 -0,97750 0,48389 -1,40080 -1,99020 

epoch#100
outer neurons:
3,58610 4,09840 -3,84630 2,84720 -4,27010 -3,75400 3,23490 -3,03960 3,04850 -2,48230 

neurons of hidden layers:
-6,38810 2,54660 3,56650 4,29390 -5,21030 1,64630 3,31660 3,30190 2,00150 3,72770 3,30610 0,29627 -3,72920 2,68180 3,54690 -4,14970 -4,02810 3,10960 -4,53290 -3,83410 1,39400 -1,43190 1,12690 1,16810 1,92840 -1,49110 2,95830 3,07830 2,15470 -1,48220 3,00470 3,43110 1,99990 -1,64670 -1,78230 -1,81010 -0,97734 0,48462 -1,40080 -1,99020 

